#
# There is insufficient memory for the Java Runtime Environment to continue.
# Native memory allocation (malloc) failed to allocate 1048576 bytes for AllocateHeap
# Possible reasons:
#   The system is out of physical RAM or swap space
#   In 32 bit mode, the process size limit was hit
# Possible solutions:
#   Reduce memory load on the system
#   Increase physical memory or swap space
#   Check if swap backing store is full
#   Use 64 bit Java on a 64 bit OS
#   Decrease Java heap size (-Xmx/-Xms)
#   Decrease number of Java threads
#   Decrease Java thread stack sizes (-Xss)
#   Set larger code cache with -XX:ReservedCodeCacheSize=
# This output file may be truncated or incomplete.
#
#  Out of Memory Error (memory/allocation.inline.hpp:61), pid=94040, tid=94184
#
# JRE version:  (7.0_75-b13) (build )
# Java VM: Java HotSpot(TM) 64-Bit Server VM (24.75-b04 mixed mode windows-amd64 compressed oops)
# Failed to write core dump. Minidumps are not enabled by default on client versions of Windows
#

---------------  T H R E A D  ---------------

Current thread (0x00000000022bd800):  JavaThread "Unknown thread" [_thread_in_vm, id=94184, stack(0x0000000002350000,0x0000000002450000)]

Stack: [0x0000000002350000,0x0000000002450000]
[error occurred during error reporting (printing stack bounds), id 0xc0000005]


---------------  P R O C E S S  ---------------

Java Threads: ( => current thread )

Other Threads:

=>0x00000000022bd800 (exited) JavaThread "Unknown thread" [_thread_in_vm, id=94184, stack(0x0000000002350000,0x0000000002450000)]

VM state:not at safepoint (normal execution)

VM Mutex/Monitor currently owned by a thread: None

Heap
 PSYoungGen      total 57344K, used 983K [0x00000000eaa80000, 0x00000000eea80000, 0x0000000100000000)
  eden space 49152K, 2% used [0x00000000eaa80000,0x00000000eab75c80,0x00000000eda80000)
  from space 8192K, 0% used [0x00000000ee280000,0x00000000ee280000,0x00000000eea80000)
  to   space 8192K, 0% used [0x00000000eda80000,0x00000000eda80000,0x00000000ee280000)
 ParOldGen       total 130560K, used 0K [0x00000000c0000000, 0x00000000c7f80000, 0x00000000eaa80000)
  object space 130560K, 0% used [0x00000000c0000000,0x00000000c0000000,0x00000000c7f80000)
 PSPermGen       total 21504K, used 697K [0x00000000bae00000, 0x00000000bc300000, 0x00000000c0000000)
  object space 21504K, 3% used [0x00000000bae00000,0x00000000baeae580,0x00000000bc300000)

Card table byte_map: [0x0000000005550000,0x0000000005780000] byte_map_base: 0x0000000004f79000

Polling page: 0x0000000000a30000

Code Cache  [0x0000000002550000, 0x00000000027c0000, 0x0000000005550000)
 total_blobs=38 nmethods=0 adapters=20 free_code_cache=48889Kb largest_free_block=50062528

Compilation events (0 events):
No events

GC Heap History (0 events):
No events

Deoptimization events (0 events):
No events

Internal exceptions (0 events):
No events

Events (10 events):
Event: 0.026 loading class 0x000000000249fad0
Event: 0.026 loading class 0x000000000249fad0 done
Event: 0.027 loading class 0x000000000249fb20
Event: 0.027 loading class 0x000000000249fb20 done
Event: 0.027 loading class 0x000000000249fb70
Event: 0.027 loading class 0x000000000249fb70 done
Event: 0.027 loading class 0x00000000024a08f0
Event: 0.027 loading class 0x00000000024a08f0 done
Event: 0.027 loading class 0x00000000024a0510
Event: 0.027 loading class 0x00000000024a0510 done


Dynamic libraries:
0x00007ff6af260000 - 0x00007ff6af293000 	C:\Program Files\Java\jdk1.7.0_75\bin\java.exe
0x00007ffa52440000 - 0x00007ffa525ec000 	C:\Windows\SYSTEM32\ntdll.dll
0x00007ffa522f0000 - 0x00007ffa5242e000 	C:\Windows\system32\KERNEL32.DLL
0x00007ffa4f760000 - 0x00007ffa4f875000 	C:\Windows\system32\KERNELBASE.dll
0x00007ffa4e130000 - 0x00007ffa4e1be000 	C:\Windows\system32\apphelp.dll
0x00007ffa4a530000 - 0x00007ffa4a583000 	C:\Windows\AppPatch\AppPatch64\AcGenral.DLL
0x00007ffa4fac0000 - 0x00007ffa4fb6a000 	C:\Windows\system32\msvcrt.dll
0x00007ffa4f430000 - 0x00007ffa4f45e000 	C:\Windows\SYSTEM32\SspiCli.dll
0x00007ffa51dd0000 - 0x00007ffa51e24000 	C:\Windows\system32\SHLWAPI.dll
0x00007ffa52010000 - 0x00007ffa52187000 	C:\Windows\system32\USER32.dll
0x00007ffa51e30000 - 0x00007ffa51fc4000 	C:\Windows\system32\ole32.dll
0x00007ffa50010000 - 0x00007ffa51528000 	C:\Windows\system32\SHELL32.dll
0x00007ffa4ebb0000 - 0x00007ffa4ebd1000 	C:\Windows\SYSTEM32\USERENV.dll
0x00007ffa4ff00000 - 0x00007ffa4ffaa000 	C:\Windows\system32\ADVAPI32.dll
0x00007ffa40ab0000 - 0x00007ffa40ace000 	C:\Windows\SYSTEM32\MPR.dll
0x00007ffa51a10000 - 0x00007ffa51b51000 	C:\Windows\system32\RPCRT4.dll
0x00007ffa51b60000 - 0x00007ffa51bb9000 	C:\Windows\SYSTEM32\sechost.dll
0x00007ffa4fb70000 - 0x00007ffa4fd81000 	C:\Windows\SYSTEM32\combase.dll
0x00007ffa52190000 - 0x00007ffa522e1000 	C:\Windows\system32\GDI32.dll
0x00007ffa4f590000 - 0x00007ffa4f5a5000 	C:\Windows\SYSTEM32\profapi.dll
0x00007ffa4dae0000 - 0x00007ffa4db92000 	C:\Windows\SYSTEM32\SHCORE.dll
0x00007ffa51fd0000 - 0x00007ffa52006000 	C:\Windows\system32\IMM32.DLL
0x00007ffa4fda0000 - 0x00007ffa4fef1000 	C:\Windows\system32\MSCTF.dll
0x00007ffa4d490000 - 0x00007ffa4d70b000 	C:\Windows\WinSxS\amd64_microsoft.windows.common-controls_6595b64144ccf1df_6.0.9600.17415_none_6240486fecbd8abb\COMCTL32.dll
0x000000005e5f0000 - 0x000000005e6c2000 	C:\Program Files\Java\jdk1.7.0_75\jre\bin\msvcr100.dll
0x000000005ea60000 - 0x000000005f234000 	C:\Program Files\Java\jdk1.7.0_75\jre\bin\server\jvm.dll
0x00007ffa4aea0000 - 0x00007ffa4aea9000 	C:\Windows\SYSTEM32\WSOCK32.dll
0x00007ffa4ba30000 - 0x00007ffa4ba52000 	C:\Windows\SYSTEM32\WINMM.dll
0x00007ffa52430000 - 0x00007ffa52437000 	C:\Windows\system32\PSAPI.DLL
0x00007ffa517a0000 - 0x00007ffa517fa000 	C:\Windows\system32\WS2_32.dll
0x00007ffa4b9c0000 - 0x00007ffa4b9ea000 	C:\Windows\SYSTEM32\WINMMBASE.dll
0x00007ffa51dc0000 - 0x00007ffa51dc9000 	C:\Windows\system32\NSI.dll
0x00007ffa4f660000 - 0x00007ffa4f6af000 	C:\Windows\SYSTEM32\cfgmgr32.dll
0x00007ffa4e380000 - 0x00007ffa4e3a8000 	C:\Windows\SYSTEM32\DEVOBJ.dll
0x000000005f740000 - 0x000000005f74f000 	C:\Program Files\Java\jdk1.7.0_75\jre\bin\verify.dll
0x000000005ea30000 - 0x000000005ea58000 	C:\Program Files\Java\jdk1.7.0_75\jre\bin\java.dll
0x000000005ea10000 - 0x000000005ea25000 	C:\Program Files\Java\jdk1.7.0_75\jre\bin\zip.dll

VM Arguments:
jvm_args: -Xmx1024M -Dfile.encoding=windows-1252 -Duser.country=CA -Duser.language=fr -Duser.variant 
java_command: com.android.dx.command.Main --dex --output C:\Users\Antoine\AndroidStudioProjects\#Zapper\app\build\intermediates\pre-dexed\debug\classes-a578bfdff9899be2f5e1deb4183f1d994cf9a840.jar C:\Users\Antoine\AndroidStudioProjects\#Zapper\app\build\intermediates\exploded-aar\com.google.android.gms\play-services-identity\7.0.0\classes.jar
Launcher Type: SUN_STANDARD

Environment Variables:
JAVA_HOME=C:\NVPACK\jdk1.6.0_45
PATH=C:\Program Files (x86)\Razer Chroma SDK\bin;C:\Program Files\Razer Chroma SDK\bin;C:\Program Files (x86)\NVIDIA Corporation\PhysX\Common;C:\Windows\system32;C:\Windows;C:\Windows\System32\Wbem;C:\Windows\System32\WindowsPowerShell\v1.0\;C:\Program Files (x86)\Windows Kits\8.1\Windows Performance Toolkit\;C:\Program Files\Microsoft SQL Server\110\Tools\Binn\;C:\Program Files\Perforce;C:\NVPACK\android-sdk-windows\tools;C:\Program Files\Common Files\Autodesk Shared\;C:\Program Files (x86)\Windows Live\Shared;C:\Program Files\Perforce\Server;C:\NVPACK\android-sdk-windows\platform-tools;C:\NVPACK\android-sdk-windows\build-tools;C:\NVPACK\jdk1.6.0_45\bin;C:\NVPACK\apache-ant-1.8.2\bin;C:\Program Files\Perforce\Server;C:\NVPACK\android-sdk-windows\platform-tools;C:\NVPACK\android-sdk-windows\build-tools;C:\NVPACK\android-sdk-windows\tools;C:\NVPACK\jdk1.6.0_45\bin;C:\NVPACK\apache-ant-1.8.2\bin
USERNAME=Antoine
OS=Windows_NT
PROCESSOR_IDENTIFIER=Intel64 Family 6 Model 58 Stepping 9, GenuineIntel



---------------  S Y S T E M  ---------------

OS: Windows 8.1 , 64 bit Build 9600 

CPU:total 8 (4 cores per cpu, 2 threads per core) family 6 model 58 stepping 9, cmov, cx8, fxsr, mmx, sse, sse2, sse3, ssse3, sse4.1, sse4.2, popcnt, avx, aes, erms, ht, tsc, tscinvbit, tscinv

Memory: 4k page, physical 12542896k(4362844k free), swap 14560876k(6144k free)

vm_info: Java HotSpot(TM) 64-Bit Server VM (24.75-b04) for windows-amd64 JRE (1.7.0_75-b13), built on Dec 18 2014 17:15:01 by "java_re" with unknown MS VC++:1600

time: Mon Mar 30 22:18:11 2015
elapsed time: 0 seconds

